Flow report for BasicMIPS32
Mon Sep 22 17:24:58 2014
Quartus II 64-Bit Version 14.0.0 Build 200 06/17/2014 SJ Web Edition


---------------------
; Table of Contents ;
---------------------
  1. Legal Notice
  2. Flow Summary
  3. Flow Settings
  4. Flow Non-Default Global Settings
  5. Flow Elapsed Time
  6. Flow OS Summary
  7. Flow Log
  8. Flow Messages
  9. Flow Suppressed Messages



----------------
; Legal Notice ;
----------------
Copyright (C) 1991-2014 Altera Corporation. All rights reserved.
Your use of Altera Corporation's design tools, logic functions 
and other software and tools, and its AMPP partner logic 
functions, and any output files from any of the foregoing 
(including device programming or simulation files), and any 
associated documentation or information are expressly subject 
to the terms and conditions of the Altera Program License 
Subscription Agreement, the Altera Quartus II License Agreement,
the Altera MegaCore Function License Agreement, or other 
applicable license agreement, including, without limitation, 
that your use is for the sole purpose of programming logic 
devices manufactured by Altera and sold by Altera or its 
authorized distributors.  Please refer to the applicable 
agreement for further details.



+--------------------------------------------------------------------------+
; Flow Summary                                                             ;
+-----------------------------+--------------------------------------------+
; Flow Status                 ; Flow Failed - Mon Sep 22 17:24:58 2014     ;
; Quartus II 64-Bit Version   ; 14.0.0 Build 200 06/17/2014 SJ Web Edition ;
; Revision Name               ; BasicMIPS32                                ;
; Top-level Entity Name       ; BasicMIPS32                                ;
; Family                      ; Cyclone V                                  ;
; Device                      ; 5CGXFC7C7F23C8                             ;
; Timing Models               ; Final                                      ;
; Logic utilization (in ALMs) ; N/A until Partition Merge                  ;
; Total registers             ; N/A until Partition Merge                  ;
; Total pins                  ; N/A until Partition Merge                  ;
; Total virtual pins          ; N/A until Partition Merge                  ;
; Total block memory bits     ; N/A until Partition Merge                  ;
; Total PLLs                  ; N/A until Partition Merge                  ;
; Total DLLs                  ; N/A until Partition Merge                  ;
+-----------------------------+--------------------------------------------+


+-----------------------------------------+
; Flow Settings                           ;
+-------------------+---------------------+
; Option            ; Setting             ;
+-------------------+---------------------+
; Start date & time ; 09/22/2014 17:24:57 ;
; Main task         ; Compilation         ;
; Revision Name     ; BasicMIPS32         ;
+-------------------+---------------------+


+----------------------------------------------------------------------------------------------------------------------------+
; Flow Non-Default Global Settings                                                                                           ;
+-------------------------------------+---------------------------------------+---------------+-------------+----------------+
; Assignment Name                     ; Value                                 ; Default Value ; Entity Name ; Section Id     ;
+-------------------------------------+---------------------------------------+---------------+-------------+----------------+
; COMPILER_SIGNATURE_ID               ; 233916151707189.141139949700640       ; --            ; --          ; --             ;
; EDA_NETLIST_WRITER_OUTPUT_DIR       ; simulation/modelsim                   ; --            ; --          ; eda_simulation ;
; EDA_OUTPUT_DATA_FORMAT              ; Vhdl                                  ; --            ; --          ; eda_simulation ;
; EDA_SIMULATION_TOOL                 ; ModelSim-Altera (VHDL)                ; <None>        ; --          ; --             ;
; MAX_CORE_JUNCTION_TEMP              ; 85                                    ; --            ; --          ; --             ;
; MIN_CORE_JUNCTION_TEMP              ; 0                                     ; --            ; --          ; --             ;
; PARTITION_COLOR                     ; 16764057                              ; --            ; --          ; Top            ;
; PARTITION_FITTER_PRESERVATION_LEVEL ; PLACEMENT_AND_ROUTING                 ; --            ; --          ; Top            ;
; PARTITION_NETLIST_TYPE              ; SOURCE                                ; --            ; --          ; Top            ;
; POWER_BOARD_THERMAL_MODEL           ; None (CONSERVATIVE)                   ; --            ; --          ; --             ;
; POWER_PRESET_COOLING_SOLUTION       ; 23 MM HEAT SINK WITH 200 LFPM AIRFLOW ; --            ; --          ; --             ;
; PROJECT_OUTPUT_DIRECTORY            ; output_files                          ; --            ; --          ; --             ;
; VHDL_SHOW_LMF_MAPPING_MESSAGES      ; Off                                   ; --            ; --          ; --             ;
+-------------------------------------+---------------------------------------+---------------+-------------+----------------+


+--------------------------------------------------------------------------------------------------------------------------+
; Flow Elapsed Time                                                                                                        ;
+----------------------+--------------+-------------------------+---------------------+------------------------------------+
; Module Name          ; Elapsed Time ; Average Processors Used ; Peak Virtual Memory ; Total CPU Time (on all processors) ;
+----------------------+--------------+-------------------------+---------------------+------------------------------------+
; Analysis & Synthesis ; 00:00:01     ; 1.0                     ; 818 MB              ; 00:00:02                           ;
; Total                ; 00:00:01     ; --                      ; --                  ; 00:00:02                           ;
+----------------------+--------------+-------------------------+---------------------+------------------------------------+


+------------------------------------------------------------------------------------------+
; Flow OS Summary                                                                          ;
+----------------------+------------------+---------------+---------------+----------------+
; Module Name          ; Machine Hostname ; OS Name       ; OS Version    ; Processor type ;
+----------------------+------------------+---------------+---------------+----------------+
; Analysis & Synthesis ; bsc-portatil     ; elementary OS ; elementary OS ; x86_64         ;
+----------------------+------------------+---------------+---------------+----------------+


------------
; Flow Log ;
------------
quartus_map --read_settings_files=on --write_settings_files=off BasicMIPS32 -c BasicMIPS32



