Analysis & Synthesis report for BasicMIPS32
Mon Sep 22 17:24:58 2014
Quartus II 64-Bit Version 14.0.0 Build 200 06/17/2014 SJ Web Edition


---------------------
; Table of Contents ;
---------------------
  1. Legal Notice
  2. Analysis & Synthesis Summary
  3. Analysis & Synthesis Settings
  4. Parallel Compilation
  5. Port Connectivity Checks: "execute:third_stage|adder_branch:branches_pc_relative|adder_branch_1bit_adder:ADDER31"
  6. Port Connectivity Checks: "execute:third_stage|adder_branch:branches_pc_relative|adder_branch_1bit_adder:ADDER0"
  7. Port Connectivity Checks: "execute:third_stage|adder_branch:branches_pc_relative"
  8. Port Connectivity Checks: "execute:third_stage|alu:integer_alu|alu_1bit_alu_msb:ALU31"
  9. Port Connectivity Checks: "execute:third_stage|alu:integer_alu|alu_1bit_alu:ALU30"
 10. Port Connectivity Checks: "execute:third_stage|alu:integer_alu|alu_1bit_alu:ALU29"
 11. Port Connectivity Checks: "execute:third_stage|alu:integer_alu|alu_1bit_alu:ALU28"
 12. Port Connectivity Checks: "execute:third_stage|alu:integer_alu|alu_1bit_alu:ALU27"
 13. Port Connectivity Checks: "execute:third_stage|alu:integer_alu|alu_1bit_alu:ALU26"
 14. Port Connectivity Checks: "execute:third_stage|alu:integer_alu|alu_1bit_alu:ALU25"
 15. Port Connectivity Checks: "execute:third_stage|alu:integer_alu|alu_1bit_alu:ALU24"
 16. Port Connectivity Checks: "execute:third_stage|alu:integer_alu|alu_1bit_alu:ALU23"
 17. Port Connectivity Checks: "execute:third_stage|alu:integer_alu|alu_1bit_alu:ALU22"
 18. Port Connectivity Checks: "execute:third_stage|alu:integer_alu|alu_1bit_alu:ALU21"
 19. Port Connectivity Checks: "execute:third_stage|alu:integer_alu|alu_1bit_alu:ALU20"
 20. Port Connectivity Checks: "execute:third_stage|alu:integer_alu|alu_1bit_alu:ALU19"
 21. Port Connectivity Checks: "execute:third_stage|alu:integer_alu|alu_1bit_alu:ALU18"
 22. Port Connectivity Checks: "execute:third_stage|alu:integer_alu|alu_1bit_alu:ALU17"
 23. Port Connectivity Checks: "execute:third_stage|alu:integer_alu|alu_1bit_alu:ALU16"
 24. Port Connectivity Checks: "execute:third_stage|alu:integer_alu|alu_1bit_alu:ALU15"
 25. Port Connectivity Checks: "execute:third_stage|alu:integer_alu|alu_1bit_alu:ALU14"
 26. Port Connectivity Checks: "execute:third_stage|alu:integer_alu|alu_1bit_alu:ALU13"
 27. Port Connectivity Checks: "execute:third_stage|alu:integer_alu|alu_1bit_alu:ALU12"
 28. Port Connectivity Checks: "execute:third_stage|alu:integer_alu|alu_1bit_alu:ALU11"
 29. Port Connectivity Checks: "execute:third_stage|alu:integer_alu|alu_1bit_alu:ALU10"
 30. Port Connectivity Checks: "execute:third_stage|alu:integer_alu|alu_1bit_alu:ALU9"
 31. Port Connectivity Checks: "execute:third_stage|alu:integer_alu|alu_1bit_alu:ALU8"
 32. Port Connectivity Checks: "execute:third_stage|alu:integer_alu|alu_1bit_alu:ALU7"
 33. Port Connectivity Checks: "execute:third_stage|alu:integer_alu|alu_1bit_alu:ALU6"
 34. Port Connectivity Checks: "execute:third_stage|alu:integer_alu|alu_1bit_alu:ALU5"
 35. Port Connectivity Checks: "execute:third_stage|alu:integer_alu|alu_1bit_alu:ALU4"
 36. Port Connectivity Checks: "execute:third_stage|alu:integer_alu|alu_1bit_alu:ALU3"
 37. Port Connectivity Checks: "execute:third_stage|alu:integer_alu|alu_1bit_alu:ALU2"
 38. Port Connectivity Checks: "execute:third_stage|alu:integer_alu|alu_1bit_alu:ALU1"
 39. Port Connectivity Checks: "execute:third_stage|alu:integer_alu"
 40. Port Connectivity Checks: "instruction_fetch:first_stage|adder:increment_pc_unit|adder_branch_1bit_adder:ADDER31"
 41. Port Connectivity Checks: "instruction_fetch:first_stage|adder:increment_pc_unit|adder_branch_1bit_adder:ADDER30"
 42. Port Connectivity Checks: "instruction_fetch:first_stage|adder:increment_pc_unit|adder_branch_1bit_adder:ADDER29"
 43. Port Connectivity Checks: "instruction_fetch:first_stage|adder:increment_pc_unit|adder_branch_1bit_adder:ADDER28"
 44. Port Connectivity Checks: "instruction_fetch:first_stage|adder:increment_pc_unit|adder_branch_1bit_adder:ADDER27"
 45. Port Connectivity Checks: "instruction_fetch:first_stage|adder:increment_pc_unit|adder_branch_1bit_adder:ADDER26"
 46. Port Connectivity Checks: "instruction_fetch:first_stage|adder:increment_pc_unit|adder_branch_1bit_adder:ADDER25"
 47. Port Connectivity Checks: "instruction_fetch:first_stage|adder:increment_pc_unit|adder_branch_1bit_adder:ADDER24"
 48. Port Connectivity Checks: "instruction_fetch:first_stage|adder:increment_pc_unit|adder_branch_1bit_adder:ADDER23"
 49. Port Connectivity Checks: "instruction_fetch:first_stage|adder:increment_pc_unit|adder_branch_1bit_adder:ADDER22"
 50. Port Connectivity Checks: "instruction_fetch:first_stage|adder:increment_pc_unit|adder_branch_1bit_adder:ADDER21"
 51. Port Connectivity Checks: "instruction_fetch:first_stage|adder:increment_pc_unit|adder_branch_1bit_adder:ADDER20"
 52. Port Connectivity Checks: "instruction_fetch:first_stage|adder:increment_pc_unit|adder_branch_1bit_adder:ADDER19"
 53. Port Connectivity Checks: "instruction_fetch:first_stage|adder:increment_pc_unit|adder_branch_1bit_adder:ADDER18"
 54. Port Connectivity Checks: "instruction_fetch:first_stage|adder:increment_pc_unit|adder_branch_1bit_adder:ADDER17"
 55. Port Connectivity Checks: "instruction_fetch:first_stage|adder:increment_pc_unit|adder_branch_1bit_adder:ADDER16"
 56. Port Connectivity Checks: "instruction_fetch:first_stage|adder:increment_pc_unit|adder_branch_1bit_adder:ADDER15"
 57. Port Connectivity Checks: "instruction_fetch:first_stage|adder:increment_pc_unit|adder_branch_1bit_adder:ADDER14"
 58. Port Connectivity Checks: "instruction_fetch:first_stage|adder:increment_pc_unit|adder_branch_1bit_adder:ADDER13"
 59. Port Connectivity Checks: "instruction_fetch:first_stage|adder:increment_pc_unit|adder_branch_1bit_adder:ADDER12"
 60. Port Connectivity Checks: "instruction_fetch:first_stage|adder:increment_pc_unit|adder_branch_1bit_adder:ADDER11"
 61. Port Connectivity Checks: "instruction_fetch:first_stage|adder:increment_pc_unit|adder_branch_1bit_adder:ADDER10"
 62. Port Connectivity Checks: "instruction_fetch:first_stage|adder:increment_pc_unit|adder_branch_1bit_adder:ADDER9"
 63. Port Connectivity Checks: "instruction_fetch:first_stage|adder:increment_pc_unit|adder_branch_1bit_adder:ADDER8"
 64. Port Connectivity Checks: "instruction_fetch:first_stage|adder:increment_pc_unit|adder_branch_1bit_adder:ADDER7"
 65. Port Connectivity Checks: "instruction_fetch:first_stage|adder:increment_pc_unit|adder_branch_1bit_adder:ADDER6"
 66. Port Connectivity Checks: "instruction_fetch:first_stage|adder:increment_pc_unit|adder_branch_1bit_adder:ADDER5"
 67. Port Connectivity Checks: "instruction_fetch:first_stage|adder:increment_pc_unit|adder_branch_1bit_adder:ADDER4"
 68. Port Connectivity Checks: "instruction_fetch:first_stage|adder:increment_pc_unit|adder_branch_1bit_adder:ADDER3"
 69. Port Connectivity Checks: "instruction_fetch:first_stage|adder:increment_pc_unit|adder_branch_1bit_adder:ADDER0"
 70. Port Connectivity Checks: "instruction_fetch:first_stage|adder:increment_pc_unit"
 71. Port Connectivity Checks: "instruction_fetch:first_stage"
 72. Elapsed Time Per Partition
 73. Analysis & Synthesis Messages



----------------
; Legal Notice ;
----------------
Copyright (C) 1991-2014 Altera Corporation. All rights reserved.
Your use of Altera Corporation's design tools, logic functions 
and other software and tools, and its AMPP partner logic 
functions, and any output files from any of the foregoing 
(including device programming or simulation files), and any 
associated documentation or information are expressly subject 
to the terms and conditions of the Altera Program License 
Subscription Agreement, the Altera Quartus II License Agreement,
the Altera MegaCore Function License Agreement, or other 
applicable license agreement, including, without limitation, 
that your use is for the sole purpose of programming logic 
devices manufactured by Altera and sold by Altera or its 
authorized distributors.  Please refer to the applicable 
agreement for further details.



+--------------------------------------------------------------------------+
; Analysis & Synthesis Summary                                             ;
+-----------------------------+--------------------------------------------+
; Analysis & Synthesis Status ; Failed - Mon Sep 22 17:24:58 2014          ;
; Quartus II 64-Bit Version   ; 14.0.0 Build 200 06/17/2014 SJ Web Edition ;
; Revision Name               ; BasicMIPS32                                ;
; Top-level Entity Name       ; BasicMIPS32                                ;
; Family                      ; Cyclone V                                  ;
; Logic utilization (in ALMs) ; N/A until Partition Merge                  ;
; Total registers             ; N/A until Partition Merge                  ;
; Total pins                  ; N/A until Partition Merge                  ;
; Total virtual pins          ; N/A until Partition Merge                  ;
; Total block memory bits     ; N/A until Partition Merge                  ;
; Total PLLs                  ; N/A until Partition Merge                  ;
; Total DLLs                  ; N/A until Partition Merge                  ;
+-----------------------------+--------------------------------------------+


+---------------------------------------------------------------------------------------------------------------------------+
; Analysis & Synthesis Settings                                                                                             ;
+---------------------------------------------------------------------------------+--------------------+--------------------+
; Option                                                                          ; Setting            ; Default Value      ;
+---------------------------------------------------------------------------------+--------------------+--------------------+
; Device                                                                          ; 5CGXFC7C7F23C8     ;                    ;
; Top-level entity name                                                           ; BasicMIPS32        ; BasicMIPS32        ;
; Family name                                                                     ; Cyclone V          ; Cyclone IV GX      ;
; VHDL Show LMF Mapping Messages                                                  ; Off                ;                    ;
; Use smart compilation                                                           ; Off                ; Off                ;
; Enable parallel Assembler and TimeQuest Timing Analyzer during compilation      ; On                 ; On                 ;
; Enable compact report table                                                     ; Off                ; Off                ;
; Restructure Multiplexers                                                        ; Auto               ; Auto               ;
; MLAB Add Timing Constraints For Mixed-Port Feed-Through Mode Setting Don't Care ; Off                ; Off                ;
; Create Debugging Nodes for IP Cores                                             ; Off                ; Off                ;
; Preserve fewer node names                                                       ; On                 ; On                 ;
; Disable OpenCore Plus hardware evaluation                                       ; Off                ; Off                ;
; Verilog Version                                                                 ; Verilog_2001       ; Verilog_2001       ;
; VHDL Version                                                                    ; VHDL_1993          ; VHDL_1993          ;
; State Machine Processing                                                        ; Auto               ; Auto               ;
; Safe State Machine                                                              ; Off                ; Off                ;
; Extract Verilog State Machines                                                  ; On                 ; On                 ;
; Extract VHDL State Machines                                                     ; On                 ; On                 ;
; Ignore Verilog initial constructs                                               ; Off                ; Off                ;
; Iteration limit for constant Verilog loops                                      ; 5000               ; 5000               ;
; Iteration limit for non-constant Verilog loops                                  ; 250                ; 250                ;
; Add Pass-Through Logic to Inferred RAMs                                         ; On                 ; On                 ;
; Infer RAMs from Raw Logic                                                       ; On                 ; On                 ;
; Parallel Synthesis                                                              ; On                 ; On                 ;
; DSP Block Balancing                                                             ; Auto               ; Auto               ;
; NOT Gate Push-Back                                                              ; On                 ; On                 ;
; Power-Up Don't Care                                                             ; On                 ; On                 ;
; Remove Redundant Logic Cells                                                    ; Off                ; Off                ;
; Remove Duplicate Registers                                                      ; On                 ; On                 ;
; Ignore CARRY Buffers                                                            ; Off                ; Off                ;
; Ignore CASCADE Buffers                                                          ; Off                ; Off                ;
; Ignore GLOBAL Buffers                                                           ; Off                ; Off                ;
; Ignore ROW GLOBAL Buffers                                                       ; Off                ; Off                ;
; Ignore LCELL Buffers                                                            ; Off                ; Off                ;
; Ignore SOFT Buffers                                                             ; On                 ; On                 ;
; Limit AHDL Integers to 32 Bits                                                  ; Off                ; Off                ;
; Optimization Technique                                                          ; Balanced           ; Balanced           ;
; Carry Chain Length                                                              ; 70                 ; 70                 ;
; Auto Carry Chains                                                               ; On                 ; On                 ;
; Auto Open-Drain Pins                                                            ; On                 ; On                 ;
; Perform WYSIWYG Primitive Resynthesis                                           ; Off                ; Off                ;
; Auto ROM Replacement                                                            ; On                 ; On                 ;
; Auto RAM Replacement                                                            ; On                 ; On                 ;
; Auto DSP Block Replacement                                                      ; On                 ; On                 ;
; Auto Shift Register Replacement                                                 ; Auto               ; Auto               ;
; Allow Shift Register Merging across Hierarchies                                 ; Auto               ; Auto               ;
; Auto Clock Enable Replacement                                                   ; On                 ; On                 ;
; Strict RAM Replacement                                                          ; Off                ; Off                ;
; Allow Synchronous Control Signals                                               ; On                 ; On                 ;
; Force Use of Synchronous Clear Signals                                          ; Off                ; Off                ;
; Auto Resource Sharing                                                           ; Off                ; Off                ;
; Allow Any RAM Size For Recognition                                              ; Off                ; Off                ;
; Allow Any ROM Size For Recognition                                              ; Off                ; Off                ;
; Allow Any Shift Register Size For Recognition                                   ; Off                ; Off                ;
; Use LogicLock Constraints during Resource Balancing                             ; On                 ; On                 ;
; Ignore translate_off and synthesis_off directives                               ; Off                ; Off                ;
; Timing-Driven Synthesis                                                         ; On                 ; On                 ;
; Report Parameter Settings                                                       ; On                 ; On                 ;
; Report Source Assignments                                                       ; On                 ; On                 ;
; Report Connectivity Checks                                                      ; On                 ; On                 ;
; Ignore Maximum Fan-Out Assignments                                              ; Off                ; Off                ;
; Synchronization Register Chain Length                                           ; 3                  ; 3                  ;
; PowerPlay Power Optimization                                                    ; Normal compilation ; Normal compilation ;
; HDL message level                                                               ; Level2             ; Level2             ;
; Suppress Register Optimization Related Messages                                 ; Off                ; Off                ;
; Number of Removed Registers Reported in Synthesis Report                        ; 5000               ; 5000               ;
; Number of Swept Nodes Reported in Synthesis Report                              ; 5000               ; 5000               ;
; Number of Inverted Registers Reported in Synthesis Report                       ; 100                ; 100                ;
; Clock MUX Protection                                                            ; On                 ; On                 ;
; Auto Gated Clock Conversion                                                     ; Off                ; Off                ;
; Block Design Naming                                                             ; Auto               ; Auto               ;
; SDC constraint protection                                                       ; Off                ; Off                ;
; Synthesis Effort                                                                ; Auto               ; Auto               ;
; Shift Register Replacement - Allow Asynchronous Clear Signal                    ; On                 ; On                 ;
; Pre-Mapping Resynthesis Optimization                                            ; Off                ; Off                ;
; Analysis & Synthesis Message Level                                              ; Medium             ; Medium             ;
; Disable Register Merging Across Hierarchies                                     ; Auto               ; Auto               ;
; Resource Aware Inference For Block RAM                                          ; On                 ; On                 ;
; Synthesis Seed                                                                  ; 1                  ; 1                  ;
; Automatic Parallel Synthesis                                                    ; On                 ; On                 ;
; Partial Reconfiguration Bitstream ID                                            ; Off                ; Off                ;
+---------------------------------------------------------------------------------+--------------------+--------------------+


Parallel compilation was disabled, but you have multiple processors available. Enable parallel compilation to reduce compilation time.
+-------------------------------------+
; Parallel Compilation                ;
+----------------------------+--------+
; Processors                 ; Number ;
+----------------------------+--------+
; Number detected on machine ; 8      ;
; Maximum allowed            ; 1      ;
+----------------------------+--------+


+--------------------------------------------------------------------------------------------------------------------+
; Port Connectivity Checks: "execute:third_stage|adder_branch:branches_pc_relative|adder_branch_1bit_adder:ADDER31"  ;
+----------+--------+----------+-------------------------------------------------------------------------------------+
; Port     ; Type   ; Severity ; Details                                                                             ;
+----------+--------+----------+-------------------------------------------------------------------------------------+
; carryout ; Output ; Info     ; Connected to dangling logic. Logic that only feeds a dangling port will be removed. ;
+----------+--------+----------+-------------------------------------------------------------------------------------+


+------------------------------------------------------------------------------------------------------------------+
; Port Connectivity Checks: "execute:third_stage|adder_branch:branches_pc_relative|adder_branch_1bit_adder:ADDER0" ;
+---------+-------+----------+-------------------------------------------------------------------------------------+
; Port    ; Type  ; Severity ; Details                                                                             ;
+---------+-------+----------+-------------------------------------------------------------------------------------+
; carryin ; Input ; Info     ; Stuck at GND                                                                        ;
+---------+-------+----------+-------------------------------------------------------------------------------------+


+-----------------------------------------------------------------------------------+
; Port Connectivity Checks: "execute:third_stage|adder_branch:branches_pc_relative" ;
+--------------+-------+----------+-------------------------------------------------+
; Port         ; Type  ; Severity ; Details                                         ;
+--------------+-------+----------+-------------------------------------------------+
; offset[1..0] ; Input ; Info     ; Stuck at GND                                    ;
+--------------+-------+----------+-------------------------------------------------+


+----------------------------------------------------------------------------------------+
; Port Connectivity Checks: "execute:third_stage|alu:integer_alu|alu_1bit_alu_msb:ALU31" ;
+------+-------+----------+--------------------------------------------------------------+
; Port ; Type  ; Severity ; Details                                                      ;
+------+-------+----------+--------------------------------------------------------------+
; less ; Input ; Info     ; Stuck at GND                                                 ;
+------+-------+----------+--------------------------------------------------------------+


+------------------------------------------------------------------------------------+
; Port Connectivity Checks: "execute:third_stage|alu:integer_alu|alu_1bit_alu:ALU30" ;
+------+-------+----------+----------------------------------------------------------+
; Port ; Type  ; Severity ; Details                                                  ;
+------+-------+----------+----------------------------------------------------------+
; less ; Input ; Info     ; Stuck at GND                                             ;
+------+-------+----------+----------------------------------------------------------+


+------------------------------------------------------------------------------------+
; Port Connectivity Checks: "execute:third_stage|alu:integer_alu|alu_1bit_alu:ALU29" ;
+------+-------+----------+----------------------------------------------------------+
; Port ; Type  ; Severity ; Details                                                  ;
+------+-------+----------+----------------------------------------------------------+
; less ; Input ; Info     ; Stuck at GND                                             ;
+------+-------+----------+----------------------------------------------------------+


+------------------------------------------------------------------------------------+
; Port Connectivity Checks: "execute:third_stage|alu:integer_alu|alu_1bit_alu:ALU28" ;
+------+-------+----------+----------------------------------------------------------+
; Port ; Type  ; Severity ; Details                                                  ;
+------+-------+----------+----------------------------------------------------------+
; less ; Input ; Info     ; Stuck at GND                                             ;
+------+-------+----------+----------------------------------------------------------+


+------------------------------------------------------------------------------------+
; Port Connectivity Checks: "execute:third_stage|alu:integer_alu|alu_1bit_alu:ALU27" ;
+------+-------+----------+----------------------------------------------------------+
; Port ; Type  ; Severity ; Details                                                  ;
+------+-------+----------+----------------------------------------------------------+
; less ; Input ; Info     ; Stuck at GND                                             ;
+------+-------+----------+----------------------------------------------------------+


+------------------------------------------------------------------------------------+
; Port Connectivity Checks: "execute:third_stage|alu:integer_alu|alu_1bit_alu:ALU26" ;
+------+-------+----------+----------------------------------------------------------+
; Port ; Type  ; Severity ; Details                                                  ;
+------+-------+----------+----------------------------------------------------------+
; less ; Input ; Info     ; Stuck at GND                                             ;
+------+-------+----------+----------------------------------------------------------+


+------------------------------------------------------------------------------------+
; Port Connectivity Checks: "execute:third_stage|alu:integer_alu|alu_1bit_alu:ALU25" ;
+------+-------+----------+----------------------------------------------------------+
; Port ; Type  ; Severity ; Details                                                  ;
+------+-------+----------+----------------------------------------------------------+
; less ; Input ; Info     ; Stuck at GND                                             ;
+------+-------+----------+----------------------------------------------------------+


+------------------------------------------------------------------------------------+
; Port Connectivity Checks: "execute:third_stage|alu:integer_alu|alu_1bit_alu:ALU24" ;
+------+-------+----------+----------------------------------------------------------+
; Port ; Type  ; Severity ; Details                                                  ;
+------+-------+----------+----------------------------------------------------------+
; less ; Input ; Info     ; Stuck at GND                                             ;
+------+-------+----------+----------------------------------------------------------+


+------------------------------------------------------------------------------------+
; Port Connectivity Checks: "execute:third_stage|alu:integer_alu|alu_1bit_alu:ALU23" ;
+------+-------+----------+----------------------------------------------------------+
; Port ; Type  ; Severity ; Details                                                  ;
+------+-------+----------+----------------------------------------------------------+
; less ; Input ; Info     ; Stuck at GND                                             ;
+------+-------+----------+----------------------------------------------------------+


+------------------------------------------------------------------------------------+
; Port Connectivity Checks: "execute:third_stage|alu:integer_alu|alu_1bit_alu:ALU22" ;
+------+-------+----------+----------------------------------------------------------+
; Port ; Type  ; Severity ; Details                                                  ;
+------+-------+----------+----------------------------------------------------------+
; less ; Input ; Info     ; Stuck at GND                                             ;
+------+-------+----------+----------------------------------------------------------+


+------------------------------------------------------------------------------------+
; Port Connectivity Checks: "execute:third_stage|alu:integer_alu|alu_1bit_alu:ALU21" ;
+------+-------+----------+----------------------------------------------------------+
; Port ; Type  ; Severity ; Details                                                  ;
+------+-------+----------+----------------------------------------------------------+
; less ; Input ; Info     ; Stuck at GND                                             ;
+------+-------+----------+----------------------------------------------------------+


+------------------------------------------------------------------------------------+
; Port Connectivity Checks: "execute:third_stage|alu:integer_alu|alu_1bit_alu:ALU20" ;
+------+-------+----------+----------------------------------------------------------+
; Port ; Type  ; Severity ; Details                                                  ;
+------+-------+----------+----------------------------------------------------------+
; less ; Input ; Info     ; Stuck at GND                                             ;
+------+-------+----------+----------------------------------------------------------+


+------------------------------------------------------------------------------------+
; Port Connectivity Checks: "execute:third_stage|alu:integer_alu|alu_1bit_alu:ALU19" ;
+------+-------+----------+----------------------------------------------------------+
; Port ; Type  ; Severity ; Details                                                  ;
+------+-------+----------+----------------------------------------------------------+
; less ; Input ; Info     ; Stuck at GND                                             ;
+------+-------+----------+----------------------------------------------------------+


+------------------------------------------------------------------------------------+
; Port Connectivity Checks: "execute:third_stage|alu:integer_alu|alu_1bit_alu:ALU18" ;
+------+-------+----------+----------------------------------------------------------+
; Port ; Type  ; Severity ; Details                                                  ;
+------+-------+----------+----------------------------------------------------------+
; less ; Input ; Info     ; Stuck at GND                                             ;
+------+-------+----------+----------------------------------------------------------+


+------------------------------------------------------------------------------------+
; Port Connectivity Checks: "execute:third_stage|alu:integer_alu|alu_1bit_alu:ALU17" ;
+------+-------+----------+----------------------------------------------------------+
; Port ; Type  ; Severity ; Details                                                  ;
+------+-------+----------+----------------------------------------------------------+
; less ; Input ; Info     ; Stuck at GND                                             ;
+------+-------+----------+----------------------------------------------------------+


+------------------------------------------------------------------------------------+
; Port Connectivity Checks: "execute:third_stage|alu:integer_alu|alu_1bit_alu:ALU16" ;
+------+-------+----------+----------------------------------------------------------+
; Port ; Type  ; Severity ; Details                                                  ;
+------+-------+----------+----------------------------------------------------------+
; less ; Input ; Info     ; Stuck at GND                                             ;
+------+-------+----------+----------------------------------------------------------+


+------------------------------------------------------------------------------------+
; Port Connectivity Checks: "execute:third_stage|alu:integer_alu|alu_1bit_alu:ALU15" ;
+------+-------+----------+----------------------------------------------------------+
; Port ; Type  ; Severity ; Details                                                  ;
+------+-------+----------+----------------------------------------------------------+
; less ; Input ; Info     ; Stuck at GND                                             ;
+------+-------+----------+----------------------------------------------------------+


+------------------------------------------------------------------------------------+
; Port Connectivity Checks: "execute:third_stage|alu:integer_alu|alu_1bit_alu:ALU14" ;
+------+-------+----------+----------------------------------------------------------+
; Port ; Type  ; Severity ; Details                                                  ;
+------+-------+----------+----------------------------------------------------------+
; less ; Input ; Info     ; Stuck at GND                                             ;
+------+-------+----------+----------------------------------------------------------+


+------------------------------------------------------------------------------------+
; Port Connectivity Checks: "execute:third_stage|alu:integer_alu|alu_1bit_alu:ALU13" ;
+------+-------+----------+----------------------------------------------------------+
; Port ; Type  ; Severity ; Details                                                  ;
+------+-------+----------+----------------------------------------------------------+
; less ; Input ; Info     ; Stuck at GND                                             ;
+------+-------+----------+----------------------------------------------------------+


+------------------------------------------------------------------------------------+
; Port Connectivity Checks: "execute:third_stage|alu:integer_alu|alu_1bit_alu:ALU12" ;
+------+-------+----------+----------------------------------------------------------+
; Port ; Type  ; Severity ; Details                                                  ;
+------+-------+----------+----------------------------------------------------------+
; less ; Input ; Info     ; Stuck at GND                                             ;
+------+-------+----------+----------------------------------------------------------+


+------------------------------------------------------------------------------------+
; Port Connectivity Checks: "execute:third_stage|alu:integer_alu|alu_1bit_alu:ALU11" ;
+------+-------+----------+----------------------------------------------------------+
; Port ; Type  ; Severity ; Details                                                  ;
+------+-------+----------+----------------------------------------------------------+
; less ; Input ; Info     ; Stuck at GND                                             ;
+------+-------+----------+----------------------------------------------------------+


+------------------------------------------------------------------------------------+
; Port Connectivity Checks: "execute:third_stage|alu:integer_alu|alu_1bit_alu:ALU10" ;
+------+-------+----------+----------------------------------------------------------+
; Port ; Type  ; Severity ; Details                                                  ;
+------+-------+----------+----------------------------------------------------------+
; less ; Input ; Info     ; Stuck at GND                                             ;
+------+-------+----------+----------------------------------------------------------+


+-----------------------------------------------------------------------------------+
; Port Connectivity Checks: "execute:third_stage|alu:integer_alu|alu_1bit_alu:ALU9" ;
+------+-------+----------+---------------------------------------------------------+
; Port ; Type  ; Severity ; Details                                                 ;
+------+-------+----------+---------------------------------------------------------+
; less ; Input ; Info     ; Stuck at GND                                            ;
+------+-------+----------+---------------------------------------------------------+


+-----------------------------------------------------------------------------------+
; Port Connectivity Checks: "execute:third_stage|alu:integer_alu|alu_1bit_alu:ALU8" ;
+------+-------+----------+---------------------------------------------------------+
; Port ; Type  ; Severity ; Details                                                 ;
+------+-------+----------+---------------------------------------------------------+
; less ; Input ; Info     ; Stuck at GND                                            ;
+------+-------+----------+---------------------------------------------------------+


+-----------------------------------------------------------------------------------+
; Port Connectivity Checks: "execute:third_stage|alu:integer_alu|alu_1bit_alu:ALU7" ;
+------+-------+----------+---------------------------------------------------------+
; Port ; Type  ; Severity ; Details                                                 ;
+------+-------+----------+---------------------------------------------------------+
; less ; Input ; Info     ; Stuck at GND                                            ;
+------+-------+----------+---------------------------------------------------------+


+-----------------------------------------------------------------------------------+
; Port Connectivity Checks: "execute:third_stage|alu:integer_alu|alu_1bit_alu:ALU6" ;
+------+-------+----------+---------------------------------------------------------+
; Port ; Type  ; Severity ; Details                                                 ;
+------+-------+----------+---------------------------------------------------------+
; less ; Input ; Info     ; Stuck at GND                                            ;
+------+-------+----------+---------------------------------------------------------+


+-----------------------------------------------------------------------------------+
; Port Connectivity Checks: "execute:third_stage|alu:integer_alu|alu_1bit_alu:ALU5" ;
+------+-------+----------+---------------------------------------------------------+
; Port ; Type  ; Severity ; Details                                                 ;
+------+-------+----------+---------------------------------------------------------+
; less ; Input ; Info     ; Stuck at GND                                            ;
+------+-------+----------+---------------------------------------------------------+


+-----------------------------------------------------------------------------------+
; Port Connectivity Checks: "execute:third_stage|alu:integer_alu|alu_1bit_alu:ALU4" ;
+------+-------+----------+---------------------------------------------------------+
; Port ; Type  ; Severity ; Details                                                 ;
+------+-------+----------+---------------------------------------------------------+
; less ; Input ; Info     ; Stuck at GND                                            ;
+------+-------+----------+---------------------------------------------------------+


+-----------------------------------------------------------------------------------+
; Port Connectivity Checks: "execute:third_stage|alu:integer_alu|alu_1bit_alu:ALU3" ;
+------+-------+----------+---------------------------------------------------------+
; Port ; Type  ; Severity ; Details                                                 ;
+------+-------+----------+---------------------------------------------------------+
; less ; Input ; Info     ; Stuck at GND                                            ;
+------+-------+----------+---------------------------------------------------------+


+-----------------------------------------------------------------------------------+
; Port Connectivity Checks: "execute:third_stage|alu:integer_alu|alu_1bit_alu:ALU2" ;
+------+-------+----------+---------------------------------------------------------+
; Port ; Type  ; Severity ; Details                                                 ;
+------+-------+----------+---------------------------------------------------------+
; less ; Input ; Info     ; Stuck at GND                                            ;
+------+-------+----------+---------------------------------------------------------+


+-----------------------------------------------------------------------------------+
; Port Connectivity Checks: "execute:third_stage|alu:integer_alu|alu_1bit_alu:ALU1" ;
+------+-------+----------+---------------------------------------------------------+
; Port ; Type  ; Severity ; Details                                                 ;
+------+-------+----------+---------------------------------------------------------+
; less ; Input ; Info     ; Stuck at GND                                            ;
+------+-------+----------+---------------------------------------------------------+


+-----------------------------------------------------------------------------------------------------------------------------------------+
; Port Connectivity Checks: "execute:third_stage|alu:integer_alu"                                                                         ;
+----------+--------+----------+----------------------------------------------------------------------------------------------------------+
; Port     ; Type   ; Severity ; Details                                                                                                  ;
+----------+--------+----------+----------------------------------------------------------------------------------------------------------+
; overflow ; Output ; Warning  ; Declared by entity but not connected by instance. Logic that only feeds a dangling port will be removed. ;
+----------+--------+----------+----------------------------------------------------------------------------------------------------------+


+--------------------------------------------------------------------------------------------------------------------+
; Port Connectivity Checks: "instruction_fetch:first_stage|adder:increment_pc_unit|adder_branch_1bit_adder:ADDER31"  ;
+----------+--------+----------+-------------------------------------------------------------------------------------+
; Port     ; Type   ; Severity ; Details                                                                             ;
+----------+--------+----------+-------------------------------------------------------------------------------------+
; b        ; Input  ; Info     ; Stuck at GND                                                                        ;
; carryout ; Output ; Info     ; Connected to dangling logic. Logic that only feeds a dangling port will be removed. ;
+----------+--------+----------+-------------------------------------------------------------------------------------+


+-------------------------------------------------------------------------------------------------------------------+
; Port Connectivity Checks: "instruction_fetch:first_stage|adder:increment_pc_unit|adder_branch_1bit_adder:ADDER30" ;
+------+-------+----------+-----------------------------------------------------------------------------------------+
; Port ; Type  ; Severity ; Details                                                                                 ;
+------+-------+----------+-----------------------------------------------------------------------------------------+
; b    ; Input ; Info     ; Stuck at GND                                                                            ;
+------+-------+----------+-----------------------------------------------------------------------------------------+


+-------------------------------------------------------------------------------------------------------------------+
; Port Connectivity Checks: "instruction_fetch:first_stage|adder:increment_pc_unit|adder_branch_1bit_adder:ADDER29" ;
+------+-------+----------+-----------------------------------------------------------------------------------------+
; Port ; Type  ; Severity ; Details                                                                                 ;
+------+-------+----------+-----------------------------------------------------------------------------------------+
; b    ; Input ; Info     ; Stuck at GND                                                                            ;
+------+-------+----------+-----------------------------------------------------------------------------------------+


+-------------------------------------------------------------------------------------------------------------------+
; Port Connectivity Checks: "instruction_fetch:first_stage|adder:increment_pc_unit|adder_branch_1bit_adder:ADDER28" ;
+------+-------+----------+-----------------------------------------------------------------------------------------+
; Port ; Type  ; Severity ; Details                                                                                 ;
+------+-------+----------+-----------------------------------------------------------------------------------------+
; b    ; Input ; Info     ; Stuck at GND                                                                            ;
+------+-------+----------+-----------------------------------------------------------------------------------------+


+-------------------------------------------------------------------------------------------------------------------+
; Port Connectivity Checks: "instruction_fetch:first_stage|adder:increment_pc_unit|adder_branch_1bit_adder:ADDER27" ;
+------+-------+----------+-----------------------------------------------------------------------------------------+
; Port ; Type  ; Severity ; Details                                                                                 ;
+------+-------+----------+-----------------------------------------------------------------------------------------+
; b    ; Input ; Info     ; Stuck at GND                                                                            ;
+------+-------+----------+-----------------------------------------------------------------------------------------+


+-------------------------------------------------------------------------------------------------------------------+
; Port Connectivity Checks: "instruction_fetch:first_stage|adder:increment_pc_unit|adder_branch_1bit_adder:ADDER26" ;
+------+-------+----------+-----------------------------------------------------------------------------------------+
; Port ; Type  ; Severity ; Details                                                                                 ;
+------+-------+----------+-----------------------------------------------------------------------------------------+
; b    ; Input ; Info     ; Stuck at GND                                                                            ;
+------+-------+----------+-----------------------------------------------------------------------------------------+


+-------------------------------------------------------------------------------------------------------------------+
; Port Connectivity Checks: "instruction_fetch:first_stage|adder:increment_pc_unit|adder_branch_1bit_adder:ADDER25" ;
+------+-------+----------+-----------------------------------------------------------------------------------------+
; Port ; Type  ; Severity ; Details                                                                                 ;
+------+-------+----------+-----------------------------------------------------------------------------------------+
; b    ; Input ; Info     ; Stuck at GND                                                                            ;
+------+-------+----------+-----------------------------------------------------------------------------------------+


+-------------------------------------------------------------------------------------------------------------------+
; Port Connectivity Checks: "instruction_fetch:first_stage|adder:increment_pc_unit|adder_branch_1bit_adder:ADDER24" ;
+------+-------+----------+-----------------------------------------------------------------------------------------+
; Port ; Type  ; Severity ; Details                                                                                 ;
+------+-------+----------+-----------------------------------------------------------------------------------------+
; b    ; Input ; Info     ; Stuck at GND                                                                            ;
+------+-------+----------+-----------------------------------------------------------------------------------------+


+-------------------------------------------------------------------------------------------------------------------+
; Port Connectivity Checks: "instruction_fetch:first_stage|adder:increment_pc_unit|adder_branch_1bit_adder:ADDER23" ;
+------+-------+----------+-----------------------------------------------------------------------------------------+
; Port ; Type  ; Severity ; Details                                                                                 ;
+------+-------+----------+-----------------------------------------------------------------------------------------+
; b    ; Input ; Info     ; Stuck at GND                                                                            ;
+------+-------+----------+-----------------------------------------------------------------------------------------+


+-------------------------------------------------------------------------------------------------------------------+
; Port Connectivity Checks: "instruction_fetch:first_stage|adder:increment_pc_unit|adder_branch_1bit_adder:ADDER22" ;
+------+-------+----------+-----------------------------------------------------------------------------------------+
; Port ; Type  ; Severity ; Details                                                                                 ;
+------+-------+----------+-----------------------------------------------------------------------------------------+
; b    ; Input ; Info     ; Stuck at GND                                                                            ;
+------+-------+----------+-----------------------------------------------------------------------------------------+


+-------------------------------------------------------------------------------------------------------------------+
; Port Connectivity Checks: "instruction_fetch:first_stage|adder:increment_pc_unit|adder_branch_1bit_adder:ADDER21" ;
+------+-------+----------+-----------------------------------------------------------------------------------------+
; Port ; Type  ; Severity ; Details                                                                                 ;
+------+-------+----------+-----------------------------------------------------------------------------------------+
; b    ; Input ; Info     ; Stuck at GND                                                                            ;
+------+-------+----------+-----------------------------------------------------------------------------------------+


+-------------------------------------------------------------------------------------------------------------------+
; Port Connectivity Checks: "instruction_fetch:first_stage|adder:increment_pc_unit|adder_branch_1bit_adder:ADDER20" ;
+------+-------+----------+-----------------------------------------------------------------------------------------+
; Port ; Type  ; Severity ; Details                                                                                 ;
+------+-------+----------+-----------------------------------------------------------------------------------------+
; b    ; Input ; Info     ; Stuck at GND                                                                            ;
+------+-------+----------+-----------------------------------------------------------------------------------------+


+-------------------------------------------------------------------------------------------------------------------+
; Port Connectivity Checks: "instruction_fetch:first_stage|adder:increment_pc_unit|adder_branch_1bit_adder:ADDER19" ;
+------+-------+----------+-----------------------------------------------------------------------------------------+
; Port ; Type  ; Severity ; Details                                                                                 ;
+------+-------+----------+-----------------------------------------------------------------------------------------+
; b    ; Input ; Info     ; Stuck at GND                                                                            ;
+------+-------+----------+-----------------------------------------------------------------------------------------+


+-------------------------------------------------------------------------------------------------------------------+
; Port Connectivity Checks: "instruction_fetch:first_stage|adder:increment_pc_unit|adder_branch_1bit_adder:ADDER18" ;
+------+-------+----------+-----------------------------------------------------------------------------------------+
; Port ; Type  ; Severity ; Details                                                                                 ;
+------+-------+----------+-----------------------------------------------------------------------------------------+
; b    ; Input ; Info     ; Stuck at GND                                                                            ;
+------+-------+----------+-----------------------------------------------------------------------------------------+


+-------------------------------------------------------------------------------------------------------------------+
; Port Connectivity Checks: "instruction_fetch:first_stage|adder:increment_pc_unit|adder_branch_1bit_adder:ADDER17" ;
+------+-------+----------+-----------------------------------------------------------------------------------------+
; Port ; Type  ; Severity ; Details                                                                                 ;
+------+-------+----------+-----------------------------------------------------------------------------------------+
; b    ; Input ; Info     ; Stuck at GND                                                                            ;
+------+-------+----------+-----------------------------------------------------------------------------------------+


+-------------------------------------------------------------------------------------------------------------------+
; Port Connectivity Checks: "instruction_fetch:first_stage|adder:increment_pc_unit|adder_branch_1bit_adder:ADDER16" ;
+------+-------+----------+-----------------------------------------------------------------------------------------+
; Port ; Type  ; Severity ; Details                                                                                 ;
+------+-------+----------+-----------------------------------------------------------------------------------------+
; b    ; Input ; Info     ; Stuck at GND                                                                            ;
+------+-------+----------+-----------------------------------------------------------------------------------------+


+-------------------------------------------------------------------------------------------------------------------+
; Port Connectivity Checks: "instruction_fetch:first_stage|adder:increment_pc_unit|adder_branch_1bit_adder:ADDER15" ;
+------+-------+----------+-----------------------------------------------------------------------------------------+
; Port ; Type  ; Severity ; Details                                                                                 ;
+------+-------+----------+-----------------------------------------------------------------------------------------+
; b    ; Input ; Info     ; Stuck at GND                                                                            ;
+------+-------+----------+-----------------------------------------------------------------------------------------+


+-------------------------------------------------------------------------------------------------------------------+
; Port Connectivity Checks: "instruction_fetch:first_stage|adder:increment_pc_unit|adder_branch_1bit_adder:ADDER14" ;
+------+-------+----------+-----------------------------------------------------------------------------------------+
; Port ; Type  ; Severity ; Details                                                                                 ;
+------+-------+----------+-----------------------------------------------------------------------------------------+
; b    ; Input ; Info     ; Stuck at GND                                                                            ;
+------+-------+----------+-----------------------------------------------------------------------------------------+


+-------------------------------------------------------------------------------------------------------------------+
; Port Connectivity Checks: "instruction_fetch:first_stage|adder:increment_pc_unit|adder_branch_1bit_adder:ADDER13" ;
+------+-------+----------+-----------------------------------------------------------------------------------------+
; Port ; Type  ; Severity ; Details                                                                                 ;
+------+-------+----------+-----------------------------------------------------------------------------------------+
; b    ; Input ; Info     ; Stuck at GND                                                                            ;
+------+-------+----------+-----------------------------------------------------------------------------------------+


+-------------------------------------------------------------------------------------------------------------------+
; Port Connectivity Checks: "instruction_fetch:first_stage|adder:increment_pc_unit|adder_branch_1bit_adder:ADDER12" ;
+------+-------+----------+-----------------------------------------------------------------------------------------+
; Port ; Type  ; Severity ; Details                                                                                 ;
+------+-------+----------+-----------------------------------------------------------------------------------------+
; b    ; Input ; Info     ; Stuck at GND                                                                            ;
+------+-------+----------+-----------------------------------------------------------------------------------------+


+-------------------------------------------------------------------------------------------------------------------+
; Port Connectivity Checks: "instruction_fetch:first_stage|adder:increment_pc_unit|adder_branch_1bit_adder:ADDER11" ;
+------+-------+----------+-----------------------------------------------------------------------------------------+
; Port ; Type  ; Severity ; Details                                                                                 ;
+------+-------+----------+-----------------------------------------------------------------------------------------+
; b    ; Input ; Info     ; Stuck at GND                                                                            ;
+------+-------+----------+-----------------------------------------------------------------------------------------+


+-------------------------------------------------------------------------------------------------------------------+
; Port Connectivity Checks: "instruction_fetch:first_stage|adder:increment_pc_unit|adder_branch_1bit_adder:ADDER10" ;
+------+-------+----------+-----------------------------------------------------------------------------------------+
; Port ; Type  ; Severity ; Details                                                                                 ;
+------+-------+----------+-----------------------------------------------------------------------------------------+
; b    ; Input ; Info     ; Stuck at GND                                                                            ;
+------+-------+----------+-----------------------------------------------------------------------------------------+


+------------------------------------------------------------------------------------------------------------------+
; Port Connectivity Checks: "instruction_fetch:first_stage|adder:increment_pc_unit|adder_branch_1bit_adder:ADDER9" ;
+------+-------+----------+----------------------------------------------------------------------------------------+
; Port ; Type  ; Severity ; Details                                                                                ;
+------+-------+----------+----------------------------------------------------------------------------------------+
; b    ; Input ; Info     ; Stuck at GND                                                                           ;
+------+-------+----------+----------------------------------------------------------------------------------------+


+------------------------------------------------------------------------------------------------------------------+
; Port Connectivity Checks: "instruction_fetch:first_stage|adder:increment_pc_unit|adder_branch_1bit_adder:ADDER8" ;
+------+-------+----------+----------------------------------------------------------------------------------------+
; Port ; Type  ; Severity ; Details                                                                                ;
+------+-------+----------+----------------------------------------------------------------------------------------+
; b    ; Input ; Info     ; Stuck at GND                                                                           ;
+------+-------+----------+----------------------------------------------------------------------------------------+


+------------------------------------------------------------------------------------------------------------------+
; Port Connectivity Checks: "instruction_fetch:first_stage|adder:increment_pc_unit|adder_branch_1bit_adder:ADDER7" ;
+------+-------+----------+----------------------------------------------------------------------------------------+
; Port ; Type  ; Severity ; Details                                                                                ;
+------+-------+----------+----------------------------------------------------------------------------------------+
; b    ; Input ; Info     ; Stuck at GND                                                                           ;
+------+-------+----------+----------------------------------------------------------------------------------------+


+------------------------------------------------------------------------------------------------------------------+
; Port Connectivity Checks: "instruction_fetch:first_stage|adder:increment_pc_unit|adder_branch_1bit_adder:ADDER6" ;
+------+-------+----------+----------------------------------------------------------------------------------------+
; Port ; Type  ; Severity ; Details                                                                                ;
+------+-------+----------+----------------------------------------------------------------------------------------+
; b    ; Input ; Info     ; Stuck at GND                                                                           ;
+------+-------+----------+----------------------------------------------------------------------------------------+


+------------------------------------------------------------------------------------------------------------------+
; Port Connectivity Checks: "instruction_fetch:first_stage|adder:increment_pc_unit|adder_branch_1bit_adder:ADDER5" ;
+------+-------+----------+----------------------------------------------------------------------------------------+
; Port ; Type  ; Severity ; Details                                                                                ;
+------+-------+----------+----------------------------------------------------------------------------------------+
; b    ; Input ; Info     ; Stuck at GND                                                                           ;
+------+-------+----------+----------------------------------------------------------------------------------------+


+------------------------------------------------------------------------------------------------------------------+
; Port Connectivity Checks: "instruction_fetch:first_stage|adder:increment_pc_unit|adder_branch_1bit_adder:ADDER4" ;
+------+-------+----------+----------------------------------------------------------------------------------------+
; Port ; Type  ; Severity ; Details                                                                                ;
+------+-------+----------+----------------------------------------------------------------------------------------+
; b    ; Input ; Info     ; Stuck at GND                                                                           ;
+------+-------+----------+----------------------------------------------------------------------------------------+


+------------------------------------------------------------------------------------------------------------------+
; Port Connectivity Checks: "instruction_fetch:first_stage|adder:increment_pc_unit|adder_branch_1bit_adder:ADDER3" ;
+------+-------+----------+----------------------------------------------------------------------------------------+
; Port ; Type  ; Severity ; Details                                                                                ;
+------+-------+----------+----------------------------------------------------------------------------------------+
; b    ; Input ; Info     ; Stuck at GND                                                                           ;
+------+-------+----------+----------------------------------------------------------------------------------------+


+------------------------------------------------------------------------------------------------------------------+
; Port Connectivity Checks: "instruction_fetch:first_stage|adder:increment_pc_unit|adder_branch_1bit_adder:ADDER0" ;
+---------+-------+----------+-------------------------------------------------------------------------------------+
; Port    ; Type  ; Severity ; Details                                                                             ;
+---------+-------+----------+-------------------------------------------------------------------------------------+
; carryin ; Input ; Info     ; Stuck at GND                                                                        ;
+---------+-------+----------+-------------------------------------------------------------------------------------+


+-----------------------------------------------------------------------------------+
; Port Connectivity Checks: "instruction_fetch:first_stage|adder:increment_pc_unit" ;
+------------+-------+----------+---------------------------------------------------+
; Port       ; Type  ; Severity ; Details                                           ;
+------------+-------+----------+---------------------------------------------------+
; four[1..0] ; Input ; Info     ; Stuck at GND                                      ;
; four[2]    ; Input ; Info     ; Stuck at VCC                                      ;
+------------+-------+----------+---------------------------------------------------+


+-----------------------------------------------------------+
; Port Connectivity Checks: "instruction_fetch:first_stage" ;
+------+-------+----------+---------------------------------+
; Port ; Type  ; Severity ; Details                         ;
+------+-------+----------+---------------------------------+
; boot ; Input ; Info     ; Stuck at VCC                    ;
+------+-------+----------+---------------------------------+


+-------------------------------+
; Elapsed Time Per Partition    ;
+----------------+--------------+
; Partition Name ; Elapsed Time ;
+----------------+--------------+
; Top            ; 00:00:00     ;
+----------------+--------------+


+-------------------------------+
; Analysis & Synthesis Messages ;
+-------------------------------+
Info: *******************************************************************
Info: Running Quartus II 64-Bit Analysis & Synthesis
    Info: Version 14.0.0 Build 200 06/17/2014 SJ Web Edition
    Info: Processing started: Mon Sep 22 17:24:57 2014
Info: Command: quartus_map --read_settings_files=on --write_settings_files=off BasicMIPS32 -c BasicMIPS32
Warning (20028): Parallel compilation is not licensed and has been disabled
Info (12021): Found 2 design units, including 1 entities, in source file 4.MEM/data_mem.vhd
    Info (12022): Found design unit 1: data_mem-Structure
    Info (12023): Found entity 1: data_mem
Info (12021): Found 2 design units, including 1 entities, in source file 3.EXE/adder_branch/adder_branch_1bit_adder.vhd
    Info (12022): Found design unit 1: adder_branch_1bit_adder-Structure
    Info (12023): Found entity 1: adder_branch_1bit_adder
Info (12021): Found 2 design units, including 1 entities, in source file 3.EXE/alu/alu_1bit_overflow_detection.vhd
    Info (12022): Found design unit 1: alu_1bit_overflow_detection-Structure
    Info (12023): Found entity 1: alu_1bit_overflow_detection
Info (12021): Found 2 design units, including 1 entities, in source file 3.EXE/alu/alu_1bit_alu_msb.vhd
    Info (12022): Found design unit 1: alu_1bit_alu_msb-Structure
    Info (12023): Found entity 1: alu_1bit_alu_msb
Info (12021): Found 2 design units, including 1 entities, in source file 3.EXE/alu/alu_1bit_alu.vhd
    Info (12022): Found design unit 1: alu_1bit_alu-Structure
    Info (12023): Found entity 1: alu_1bit_alu
Info (12021): Found 2 design units, including 1 entities, in source file 3.EXE/alu/alu_1bit_adder.vhd
    Info (12022): Found design unit 1: alu_1bit_adder-Structure
    Info (12023): Found entity 1: alu_1bit_adder
Info (12021): Found 2 design units, including 1 entities, in source file 3.EXE/adder_branch.vhd
    Info (12022): Found design unit 1: adder_branch-Structure
    Info (12023): Found entity 1: adder_branch
Info (12021): Found 2 design units, including 1 entities, in source file 3.EXE/alu_control.vhd
    Info (12022): Found design unit 1: alu_control-Structure
    Info (12023): Found entity 1: alu_control
Info (12021): Found 2 design units, including 1 entities, in source file 2.ID/control_inst_decode.vhd
    Info (12022): Found design unit 1: control_inst_decode-Structure
    Info (12023): Found entity 1: control_inst_decode
Info (12021): Found 2 design units, including 1 entities, in source file 3.EXE/mux.vhd
    Info (12022): Found design unit 1: mux_exe-Structure
    Info (12023): Found entity 1: mux_exe
Info (12021): Found 2 design units, including 1 entities, in source file 3.EXE/alu.vhd
    Info (12022): Found design unit 1: alu-Structure
    Info (12023): Found entity 1: alu
Info (12021): Found 2 design units, including 1 entities, in source file 2.ID/seu.vhd
    Info (12022): Found design unit 1: seu-Structure
    Info (12023): Found entity 1: seu
Info (12021): Found 2 design units, including 1 entities, in source file 2.ID/regfile.vhd
    Info (12022): Found design unit 1: regfile-Structure
    Info (12023): Found entity 1: regfile
Info (12021): Found 2 design units, including 1 entities, in source file 1.IF/reg_pc.vhd
    Info (12022): Found design unit 1: reg_pc-Structure
    Info (12023): Found entity 1: reg_pc
Warning (12090): Entity "mux" obtained from "1.IF/mux.vhd" instead of from Quartus II megafunction library
Info (12021): Found 2 design units, including 1 entities, in source file 1.IF/mux.vhd
    Info (12022): Found design unit 1: mux-Structure
    Info (12023): Found entity 1: mux
Info (12021): Found 2 design units, including 1 entities, in source file 1.IF/inst_mem.vhd
    Info (12022): Found design unit 1: inst_mem-Structure
    Info (12023): Found entity 1: inst_mem
Info (12021): Found 2 design units, including 1 entities, in source file 1.IF/adder.vhd
    Info (12022): Found design unit 1: adder-Structure
    Info (12023): Found entity 1: adder
Info (12021): Found 2 design units, including 1 entities, in source file BasicMIPS32.vhd
    Info (12022): Found design unit 1: BasicMIPS32-Structure
    Info (12023): Found entity 1: BasicMIPS32
Info (12021): Found 2 design units, including 1 entities, in source file IF.vhd
    Info (12022): Found design unit 1: instruction_fetch-Structure
    Info (12023): Found entity 1: instruction_fetch
Info (12021): Found 2 design units, including 1 entities, in source file ID.vhd
    Info (12022): Found design unit 1: instruction_decode-Structure
    Info (12023): Found entity 1: instruction_decode
Info (12021): Found 2 design units, including 1 entities, in source file EXE.vhd
    Info (12022): Found design unit 1: execute-Structure
    Info (12023): Found entity 1: execute
Info (12021): Found 2 design units, including 1 entities, in source file MEM.vhd
    Info (12022): Found design unit 1: mem-Structure
    Info (12023): Found entity 1: mem
Info (12021): Found 2 design units, including 1 entities, in source file WB.vhd
    Info (12022): Found design unit 1: write_back-Structure
    Info (12023): Found entity 1: write_back
Info (12127): Elaborating entity "BasicMIPS32" for the top level hierarchy
Warning (10785): VHDL warning at BasicMIPS32.vhd(288): synthesis ignores all but the first waveform
Info (12128): Elaborating entity "instruction_fetch" for hierarchy "instruction_fetch:first_stage"
Info (12128): Elaborating entity "mux" for hierarchy "instruction_fetch:first_stage|mux:mux_pc_or_branch"
Info (12128): Elaborating entity "reg_pc" for hierarchy "instruction_fetch:first_stage|reg_pc:program_counter"
Info (12128): Elaborating entity "adder" for hierarchy "instruction_fetch:first_stage|adder:increment_pc_unit"
Warning (10036): Verilog HDL or VHDL warning at adder.vhd(52): object "caOut31" assigned a value but never read
Info (12128): Elaborating entity "adder_branch_1bit_adder" for hierarchy "instruction_fetch:first_stage|adder:increment_pc_unit|adder_branch_1bit_adder:ADDER0"
Info (12128): Elaborating entity "inst_mem" for hierarchy "instruction_fetch:first_stage|inst_mem:instruction_memory"
Warning (10541): VHDL Signal Declaration warning at inst_mem.vhd(19): used implicit default value for signal "mem" because signal was never assigned a value or an explicit default value. Use of implicit default value may introduce unintended design optimizations.
Info (12128): Elaborating entity "instruction_decode" for hierarchy "instruction_decode:second_stage"
Warning (10541): VHDL Signal Declaration warning at ID.vhd(23): used implicit default value for signal "MemWrite" because signal was never assigned a value or an explicit default value. Use of implicit default value may introduce unintended design optimizations.
Info (12128): Elaborating entity "control_inst_decode" for hierarchy "instruction_decode:second_stage|control_inst_decode:control"
Info (12128): Elaborating entity "regfile" for hierarchy "instruction_decode:second_stage|regfile:register_file"
Info (12128): Elaborating entity "seu" for hierarchy "instruction_decode:second_stage|seu:sign_extend_unit"
Info (12128): Elaborating entity "execute" for hierarchy "execute:third_stage"
Info (12128): Elaborating entity "alu_control" for hierarchy "execute:third_stage|alu_control:control"
Info (12128): Elaborating entity "alu" for hierarchy "execute:third_stage|alu:integer_alu"
Warning (10541): VHDL Signal Declaration warning at alu.vhd(47): used implicit default value for signal "caIn0" because signal was never assigned a value or an explicit default value. Use of implicit default value may introduce unintended design optimizations.
Info (12128): Elaborating entity "alu_1bit_alu" for hierarchy "execute:third_stage|alu:integer_alu|alu_1bit_alu:ALU0"
Info (10041): Inferred latch for "res" at alu_1bit_alu.vhd(58)
Info (12128): Elaborating entity "alu_1bit_adder" for hierarchy "execute:third_stage|alu:integer_alu|alu_1bit_alu:ALU0|alu_1bit_adder:adder"
Info (12128): Elaborating entity "alu_1bit_alu_msb" for hierarchy "execute:third_stage|alu:integer_alu|alu_1bit_alu_msb:ALU31"
Info (10041): Inferred latch for "res" at alu_1bit_alu_msb.vhd(71)
Info (12128): Elaborating entity "alu_1bit_overflow_detection" for hierarchy "execute:third_stage|alu:integer_alu|alu_1bit_alu_msb:ALU31|alu_1bit_overflow_detection:Overflow_detector"
Info (12128): Elaborating entity "adder_branch" for hierarchy "execute:third_stage|adder_branch:branches_pc_relative"
Warning (10036): Verilog HDL or VHDL warning at adder_branch.vhd(54): object "caOut31" assigned a value but never read
Info (12128): Elaborating entity "mem" for hierarchy "mem:fourth_stage"
Info (12128): Elaborating entity "data_mem" for hierarchy "mem:fourth_stage|data_mem:data_memory"
Info (12128): Elaborating entity "write_back" for hierarchy "write_back:fifth_stage"
Error (12061): Can't synthesize current design -- Top partition does not contain any logic
Warning (12241): 1 hierarchies have connectivity warnings - see the Connectivity Checks report folder
Error: Quartus II 64-Bit Analysis & Synthesis was unsuccessful. 1 error, 9 warnings
    Error: Peak virtual memory: 818 megabytes
    Error: Processing ended: Mon Sep 22 17:24:59 2014
    Error: Elapsed time: 00:00:02
    Error: Total CPU time (on all processors): 00:00:02


